localhost-2021-04-15 08:44:33,974 - INFO - log.py - info - 110 - BEGIN (implicit)
localhost-2021-04-15 08:44:33,975 - INFO - log.py - info - 110 - SELECT `TO_DO__list`.id AS `TO_DO__list_id`, `TO_DO__list`.create_time AS `TO_DO__list_create_time`, `TO_DO__list`.update_time AS `TO_DO__list_update_time`, `TO_DO__list`.remark AS `TO_DO__list_remark`, `TO_DO__list`.`status` AS `TO_DO__list_status`, `TO_DO__list`.title AS `TO_DO__list_title`, `TO_DO__list`.tasktype AS `TO_DO__list_tasktype`, `TO_DO__list`.done_date AS `TO_DO__list_done_date`, `TO_DO__list`.content AS `TO_DO__list_content`, `TO_DO__list`.author AS `TO_DO__list_author`, `TO_DO__list`.file_url AS `TO_DO__list_file_url`, `TO_DO__list`.is_finish AS `TO_DO__list_is_finish` 
FROM `TO_DO__list` 
WHERE `TO_DO__list`.id = %(param_1)s
localhost-2021-04-15 08:44:33,975 - INFO - log.py - info - 110 - {'param_1': '20'}
localhost-2021-04-15 08:44:34,019 - INFO - log.py - info - 110 - ROLLBACK
localhost-2021-04-15 08:44:58,462 - INFO - log.py - info - 110 - BEGIN (implicit)
localhost-2021-04-15 08:44:58,463 - INFO - log.py - info - 110 - SELECT `TO_DO__list`.id AS `TO_DO__list_id`, `TO_DO__list`.create_time AS `TO_DO__list_create_time`, `TO_DO__list`.update_time AS `TO_DO__list_update_time`, `TO_DO__list`.remark AS `TO_DO__list_remark`, `TO_DO__list`.`status` AS `TO_DO__list_status`, `TO_DO__list`.title AS `TO_DO__list_title`, `TO_DO__list`.tasktype AS `TO_DO__list_tasktype`, `TO_DO__list`.done_date AS `TO_DO__list_done_date`, `TO_DO__list`.content AS `TO_DO__list_content`, `TO_DO__list`.author AS `TO_DO__list_author`, `TO_DO__list`.file_url AS `TO_DO__list_file_url`, `TO_DO__list`.is_finish AS `TO_DO__list_is_finish` 
FROM `TO_DO__list` 
WHERE `TO_DO__list`.id = %(param_1)s
localhost-2021-04-15 08:44:58,463 - INFO - log.py - info - 110 - {'param_1': '20'}
localhost-2021-04-15 08:44:58,506 - INFO - log.py - info - 110 - UPDATE `TO_DO__list` SET update_time=%(update_time)s, title=%(title)s, done_date=%(done_date)s, content=%(content)s WHERE `TO_DO__list`.id = %(TO_DO__list_id)s
localhost-2021-04-15 08:44:58,506 - INFO - log.py - info - 110 - {'update_time': datetime.datetime(2021, 4, 15, 8, 44, 58, 506544), 'title': '开通权限2223', 'done_date': datetime.datetime(2021, 4, 15, 8, 44), 'content': '也一样', 'TO_DO__list_id': 20}
localhost-2021-04-15 08:44:58,546 - INFO - log.py - info - 110 - COMMIT
localhost-2021-04-15 08:44:58,635 - INFO - log.py - info - 110 - BEGIN (implicit)
localhost-2021-04-15 08:44:58,635 - INFO - log.py - info - 110 - SELECT count(%(count_2)s) AS count_1 
FROM `TO_DO__list`
localhost-2021-04-15 08:44:58,635 - INFO - log.py - info - 110 - {'count_2': '*'}
localhost-2021-04-15 08:44:58,675 - INFO - log.py - info - 110 - SELECT `TO_DO__list`.id AS `TO_DO__list_id`, `TO_DO__list`.create_time AS `TO_DO__list_create_time`, `TO_DO__list`.update_time AS `TO_DO__list_update_time`, `TO_DO__list`.remark AS `TO_DO__list_remark`, `TO_DO__list`.`status` AS `TO_DO__list_status`, `TO_DO__list`.title AS `TO_DO__list_title`, `TO_DO__list`.tasktype AS `TO_DO__list_tasktype`, `TO_DO__list`.done_date AS `TO_DO__list_done_date`, `TO_DO__list`.content AS `TO_DO__list_content`, `TO_DO__list`.author AS `TO_DO__list_author`, `TO_DO__list`.file_url AS `TO_DO__list_file_url`, `TO_DO__list`.is_finish AS `TO_DO__list_is_finish` 
FROM `TO_DO__list` ORDER BY `TO_DO__list`.update_time DESC 
 LIMIT %(param_1)s
localhost-2021-04-15 08:44:58,676 - INFO - log.py - info - 110 - {'param_1': 20}
localhost-2021-04-15 08:44:58,721 - INFO - log.py - info - 110 - SELECT `TO_DO__type`.id AS `TO_DO__type_id`, `TO_DO__type`.create_time AS `TO_DO__type_create_time`, `TO_DO__type`.update_time AS `TO_DO__type_update_time`, `TO_DO__type`.remark AS `TO_DO__type_remark`, `TO_DO__type`.`status` AS `TO_DO__type_status`, `TO_DO__type`.type_name AS `TO_DO__type_type_name`, `TO_DO__type`.type_des AS `TO_DO__type_type_des`, `TO_DO__type`.is_use AS `TO_DO__type_is_use` 
FROM `TO_DO__type` 
WHERE `TO_DO__type`.id = %(id_1)s 
 LIMIT %(param_1)s
localhost-2021-04-15 08:44:58,722 - INFO - log.py - info - 110 - {'id_1': 1, 'param_1': 1}
localhost-2021-04-15 08:44:58,763 - INFO - log.py - info - 110 - SELECT `TO_DO__type`.id AS `TO_DO__type_id`, `TO_DO__type`.create_time AS `TO_DO__type_create_time`, `TO_DO__type`.update_time AS `TO_DO__type_update_time`, `TO_DO__type`.remark AS `TO_DO__type_remark`, `TO_DO__type`.`status` AS `TO_DO__type_status`, `TO_DO__type`.type_name AS `TO_DO__type_type_name`, `TO_DO__type`.type_des AS `TO_DO__type_type_des`, `TO_DO__type`.is_use AS `TO_DO__type_is_use` 
FROM `TO_DO__type` 
WHERE `TO_DO__type`.id = %(id_1)s 
 LIMIT %(param_1)s
localhost-2021-04-15 08:44:58,763 - INFO - log.py - info - 110 - {'id_1': 1, 'param_1': 1}
localhost-2021-04-15 08:44:58,805 - INFO - log.py - info - 110 - SELECT `TO_DO__type`.id AS `TO_DO__type_id`, `TO_DO__type`.create_time AS `TO_DO__type_create_time`, `TO_DO__type`.update_time AS `TO_DO__type_update_time`, `TO_DO__type`.remark AS `TO_DO__type_remark`, `TO_DO__type`.`status` AS `TO_DO__type_status`, `TO_DO__type`.type_name AS `TO_DO__type_type_name`, `TO_DO__type`.type_des AS `TO_DO__type_type_des`, `TO_DO__type`.is_use AS `TO_DO__type_is_use` 
FROM `TO_DO__type` 
WHERE `TO_DO__type`.id = %(id_1)s 
 LIMIT %(param_1)s
localhost-2021-04-15 08:44:58,805 - INFO - log.py - info - 110 - {'id_1': 3, 'param_1': 1}
localhost-2021-04-15 08:44:58,846 - INFO - log.py - info - 110 - SELECT `TO_DO__type`.id AS `TO_DO__type_id`, `TO_DO__type`.create_time AS `TO_DO__type_create_time`, `TO_DO__type`.update_time AS `TO_DO__type_update_time`, `TO_DO__type`.remark AS `TO_DO__type_remark`, `TO_DO__type`.`status` AS `TO_DO__type_status`, `TO_DO__type`.type_name AS `TO_DO__type_type_name`, `TO_DO__type`.type_des AS `TO_DO__type_type_des`, `TO_DO__type`.is_use AS `TO_DO__type_is_use` 
FROM `TO_DO__type` 
WHERE `TO_DO__type`.id = %(id_1)s 
 LIMIT %(param_1)s
localhost-2021-04-15 08:44:58,847 - INFO - log.py - info - 110 - {'id_1': 3, 'param_1': 1}
localhost-2021-04-15 08:44:58,887 - INFO - log.py - info - 110 - SELECT `TO_DO__type`.id AS `TO_DO__type_id`, `TO_DO__type`.create_time AS `TO_DO__type_create_time`, `TO_DO__type`.update_time AS `TO_DO__type_update_time`, `TO_DO__type`.remark AS `TO_DO__type_remark`, `TO_DO__type`.`status` AS `TO_DO__type_status`, `TO_DO__type`.type_name AS `TO_DO__type_type_name`, `TO_DO__type`.type_des AS `TO_DO__type_type_des`, `TO_DO__type`.is_use AS `TO_DO__type_is_use` 
FROM `TO_DO__type` 
WHERE `TO_DO__type`.id = %(id_1)s 
 LIMIT %(param_1)s
localhost-2021-04-15 08:44:58,888 - INFO - log.py - info - 110 - {'id_1': 3, 'param_1': 1}
localhost-2021-04-15 08:44:58,929 - INFO - log.py - info - 110 - SELECT `TO_DO__type`.id AS `TO_DO__type_id`, `TO_DO__type`.create_time AS `TO_DO__type_create_time`, `TO_DO__type`.update_time AS `TO_DO__type_update_time`, `TO_DO__type`.remark AS `TO_DO__type_remark`, `TO_DO__type`.`status` AS `TO_DO__type_status`, `TO_DO__type`.type_name AS `TO_DO__type_type_name`, `TO_DO__type`.type_des AS `TO_DO__type_type_des`, `TO_DO__type`.is_use AS `TO_DO__type_is_use` 
FROM `TO_DO__type` 
WHERE `TO_DO__type`.id = %(id_1)s 
 LIMIT %(param_1)s
localhost-2021-04-15 08:44:58,930 - INFO - log.py - info - 110 - {'id_1': 3, 'param_1': 1}
localhost-2021-04-15 08:44:58,972 - INFO - log.py - info - 110 - SELECT `TO_DO__type`.id AS `TO_DO__type_id`, `TO_DO__type`.create_time AS `TO_DO__type_create_time`, `TO_DO__type`.update_time AS `TO_DO__type_update_time`, `TO_DO__type`.remark AS `TO_DO__type_remark`, `TO_DO__type`.`status` AS `TO_DO__type_status`, `TO_DO__type`.type_name AS `TO_DO__type_type_name`, `TO_DO__type`.type_des AS `TO_DO__type_type_des`, `TO_DO__type`.is_use AS `TO_DO__type_is_use` 
FROM `TO_DO__type` 
WHERE `TO_DO__type`.id = %(id_1)s 
 LIMIT %(param_1)s
localhost-2021-04-15 08:44:58,973 - INFO - log.py - info - 110 - {'id_1': 1, 'param_1': 1}
localhost-2021-04-15 08:44:59,014 - INFO - log.py - info - 110 - SELECT `TO_DO__type`.id AS `TO_DO__type_id`, `TO_DO__type`.create_time AS `TO_DO__type_create_time`, `TO_DO__type`.update_time AS `TO_DO__type_update_time`, `TO_DO__type`.remark AS `TO_DO__type_remark`, `TO_DO__type`.`status` AS `TO_DO__type_status`, `TO_DO__type`.type_name AS `TO_DO__type_type_name`, `TO_DO__type`.type_des AS `TO_DO__type_type_des`, `TO_DO__type`.is_use AS `TO_DO__type_is_use` 
FROM `TO_DO__type` 
WHERE `TO_DO__type`.id = %(id_1)s 
 LIMIT %(param_1)s
localhost-2021-04-15 08:44:59,014 - INFO - log.py - info - 110 - {'id_1': 1, 'param_1': 1}
localhost-2021-04-15 08:44:59,055 - INFO - log.py - info - 110 - SELECT `TO_DO__type`.id AS `TO_DO__type_id`, `TO_DO__type`.create_time AS `TO_DO__type_create_time`, `TO_DO__type`.update_time AS `TO_DO__type_update_time`, `TO_DO__type`.remark AS `TO_DO__type_remark`, `TO_DO__type`.`status` AS `TO_DO__type_status`, `TO_DO__type`.type_name AS `TO_DO__type_type_name`, `TO_DO__type`.type_des AS `TO_DO__type_type_des`, `TO_DO__type`.is_use AS `TO_DO__type_is_use` 
FROM `TO_DO__type` 
WHERE `TO_DO__type`.id = %(id_1)s 
 LIMIT %(param_1)s
localhost-2021-04-15 08:44:59,056 - INFO - log.py - info - 110 - {'id_1': 1, 'param_1': 1}
localhost-2021-04-15 08:44:59,096 - INFO - log.py - info - 110 - SELECT `TO_DO__type`.id AS `TO_DO__type_id`, `TO_DO__type`.create_time AS `TO_DO__type_create_time`, `TO_DO__type`.update_time AS `TO_DO__type_update_time`, `TO_DO__type`.remark AS `TO_DO__type_remark`, `TO_DO__type`.`status` AS `TO_DO__type_status`, `TO_DO__type`.type_name AS `TO_DO__type_type_name`, `TO_DO__type`.type_des AS `TO_DO__type_type_des`, `TO_DO__type`.is_use AS `TO_DO__type_is_use` 
FROM `TO_DO__type` 
WHERE `TO_DO__type`.id = %(id_1)s 
 LIMIT %(param_1)s
localhost-2021-04-15 08:44:59,097 - INFO - log.py - info - 110 - {'id_1': 1, 'param_1': 1}
localhost-2021-04-15 08:44:59,138 - INFO - log.py - info - 110 - SELECT `TO_DO__type`.id AS `TO_DO__type_id`, `TO_DO__type`.create_time AS `TO_DO__type_create_time`, `TO_DO__type`.update_time AS `TO_DO__type_update_time`, `TO_DO__type`.remark AS `TO_DO__type_remark`, `TO_DO__type`.`status` AS `TO_DO__type_status`, `TO_DO__type`.type_name AS `TO_DO__type_type_name`, `TO_DO__type`.type_des AS `TO_DO__type_type_des`, `TO_DO__type`.is_use AS `TO_DO__type_is_use` 
FROM `TO_DO__type` 
WHERE `TO_DO__type`.id = %(id_1)s 
 LIMIT %(param_1)s
localhost-2021-04-15 08:44:59,139 - INFO - log.py - info - 110 - {'id_1': 1, 'param_1': 1}
localhost-2021-04-15 08:44:59,179 - INFO - log.py - info - 110 - SELECT `TO_DO__type`.id AS `TO_DO__type_id`, `TO_DO__type`.create_time AS `TO_DO__type_create_time`, `TO_DO__type`.update_time AS `TO_DO__type_update_time`, `TO_DO__type`.remark AS `TO_DO__type_remark`, `TO_DO__type`.`status` AS `TO_DO__type_status`, `TO_DO__type`.type_name AS `TO_DO__type_type_name`, `TO_DO__type`.type_des AS `TO_DO__type_type_des`, `TO_DO__type`.is_use AS `TO_DO__type_is_use` 
FROM `TO_DO__type` 
WHERE `TO_DO__type`.id = %(id_1)s 
 LIMIT %(param_1)s
localhost-2021-04-15 08:44:59,180 - INFO - log.py - info - 110 - {'id_1': 4, 'param_1': 1}
localhost-2021-04-15 08:44:59,221 - INFO - log.py - info - 110 - SELECT `TO_DO__type`.id AS `TO_DO__type_id`, `TO_DO__type`.create_time AS `TO_DO__type_create_time`, `TO_DO__type`.update_time AS `TO_DO__type_update_time`, `TO_DO__type`.remark AS `TO_DO__type_remark`, `TO_DO__type`.`status` AS `TO_DO__type_status`, `TO_DO__type`.type_name AS `TO_DO__type_type_name`, `TO_DO__type`.type_des AS `TO_DO__type_type_des`, `TO_DO__type`.is_use AS `TO_DO__type_is_use` 
FROM `TO_DO__type` 
WHERE `TO_DO__type`.id = %(id_1)s 
 LIMIT %(param_1)s
localhost-2021-04-15 08:44:59,222 - INFO - log.py - info - 110 - {'id_1': 4, 'param_1': 1}
localhost-2021-04-15 08:44:59,263 - INFO - log.py - info - 110 - SELECT `TO_DO__type`.id AS `TO_DO__type_id`, `TO_DO__type`.create_time AS `TO_DO__type_create_time`, `TO_DO__type`.update_time AS `TO_DO__type_update_time`, `TO_DO__type`.remark AS `TO_DO__type_remark`, `TO_DO__type`.`status` AS `TO_DO__type_status`, `TO_DO__type`.type_name AS `TO_DO__type_type_name`, `TO_DO__type`.type_des AS `TO_DO__type_type_des`, `TO_DO__type`.is_use AS `TO_DO__type_is_use` 
FROM `TO_DO__type` 
WHERE `TO_DO__type`.id = %(id_1)s 
 LIMIT %(param_1)s
localhost-2021-04-15 08:44:59,264 - INFO - log.py - info - 110 - {'id_1': 4, 'param_1': 1}
localhost-2021-04-15 08:44:59,305 - INFO - log.py - info - 110 - SELECT `TO_DO__type`.id AS `TO_DO__type_id`, `TO_DO__type`.create_time AS `TO_DO__type_create_time`, `TO_DO__type`.update_time AS `TO_DO__type_update_time`, `TO_DO__type`.remark AS `TO_DO__type_remark`, `TO_DO__type`.`status` AS `TO_DO__type_status`, `TO_DO__type`.type_name AS `TO_DO__type_type_name`, `TO_DO__type`.type_des AS `TO_DO__type_type_des`, `TO_DO__type`.is_use AS `TO_DO__type_is_use` 
FROM `TO_DO__type` 
WHERE `TO_DO__type`.id = %(id_1)s 
 LIMIT %(param_1)s
localhost-2021-04-15 08:44:59,306 - INFO - log.py - info - 110 - {'id_1': 4, 'param_1': 1}
localhost-2021-04-15 08:44:59,346 - INFO - log.py - info - 110 - SELECT `TO_DO__type`.id AS `TO_DO__type_id`, `TO_DO__type`.create_time AS `TO_DO__type_create_time`, `TO_DO__type`.update_time AS `TO_DO__type_update_time`, `TO_DO__type`.remark AS `TO_DO__type_remark`, `TO_DO__type`.`status` AS `TO_DO__type_status`, `TO_DO__type`.type_name AS `TO_DO__type_type_name`, `TO_DO__type`.type_des AS `TO_DO__type_type_des`, `TO_DO__type`.is_use AS `TO_DO__type_is_use` 
FROM `TO_DO__type` 
WHERE `TO_DO__type`.id = %(id_1)s 
 LIMIT %(param_1)s
localhost-2021-04-15 08:44:59,347 - INFO - log.py - info - 110 - {'id_1': 4, 'param_1': 1}
localhost-2021-04-15 08:44:59,388 - INFO - log.py - info - 110 - SELECT `TO_DO__type`.id AS `TO_DO__type_id`, `TO_DO__type`.create_time AS `TO_DO__type_create_time`, `TO_DO__type`.update_time AS `TO_DO__type_update_time`, `TO_DO__type`.remark AS `TO_DO__type_remark`, `TO_DO__type`.`status` AS `TO_DO__type_status`, `TO_DO__type`.type_name AS `TO_DO__type_type_name`, `TO_DO__type`.type_des AS `TO_DO__type_type_des`, `TO_DO__type`.is_use AS `TO_DO__type_is_use` 
FROM `TO_DO__type` 
WHERE `TO_DO__type`.id = %(id_1)s 
 LIMIT %(param_1)s
localhost-2021-04-15 08:44:59,389 - INFO - log.py - info - 110 - {'id_1': 1, 'param_1': 1}
localhost-2021-04-15 08:44:59,432 - INFO - log.py - info - 110 - SELECT `TO_DO__type`.id AS `TO_DO__type_id`, `TO_DO__type`.create_time AS `TO_DO__type_create_time`, `TO_DO__type`.update_time AS `TO_DO__type_update_time`, `TO_DO__type`.remark AS `TO_DO__type_remark`, `TO_DO__type`.`status` AS `TO_DO__type_status`, `TO_DO__type`.type_name AS `TO_DO__type_type_name`, `TO_DO__type`.type_des AS `TO_DO__type_type_des`, `TO_DO__type`.is_use AS `TO_DO__type_is_use` 
FROM `TO_DO__type` 
WHERE `TO_DO__type`.id = %(id_1)s 
 LIMIT %(param_1)s
localhost-2021-04-15 08:44:59,432 - INFO - log.py - info - 110 - {'id_1': 1, 'param_1': 1}
localhost-2021-04-15 08:44:59,474 - INFO - log.py - info - 110 - SELECT `TO_DO__type`.id AS `TO_DO__type_id`, `TO_DO__type`.create_time AS `TO_DO__type_create_time`, `TO_DO__type`.update_time AS `TO_DO__type_update_time`, `TO_DO__type`.remark AS `TO_DO__type_remark`, `TO_DO__type`.`status` AS `TO_DO__type_status`, `TO_DO__type`.type_name AS `TO_DO__type_type_name`, `TO_DO__type`.type_des AS `TO_DO__type_type_des`, `TO_DO__type`.is_use AS `TO_DO__type_is_use` 
FROM `TO_DO__type` 
WHERE `TO_DO__type`.id = %(id_1)s 
 LIMIT %(param_1)s
localhost-2021-04-15 08:44:59,475 - INFO - log.py - info - 110 - {'id_1': 1, 'param_1': 1}
localhost-2021-04-15 08:44:59,516 - INFO - log.py - info - 110 - SELECT `TO_DO__type`.id AS `TO_DO__type_id`, `TO_DO__type`.create_time AS `TO_DO__type_create_time`, `TO_DO__type`.update_time AS `TO_DO__type_update_time`, `TO_DO__type`.remark AS `TO_DO__type_remark`, `TO_DO__type`.`status` AS `TO_DO__type_status`, `TO_DO__type`.type_name AS `TO_DO__type_type_name`, `TO_DO__type`.type_des AS `TO_DO__type_type_des`, `TO_DO__type`.is_use AS `TO_DO__type_is_use` 
FROM `TO_DO__type` 
WHERE `TO_DO__type`.id = %(id_1)s 
 LIMIT %(param_1)s
localhost-2021-04-15 08:44:59,516 - INFO - log.py - info - 110 - {'id_1': 1, 'param_1': 1}
localhost-2021-04-15 08:44:59,558 - INFO - log.py - info - 110 - ROLLBACK
